make --dry-run --always-make --keep-going --print-directory
make: Entering directory '/home/michael2/CEdit'
 
mkdir -p 'obj/src'
echo [compiling] src/clipboard.c
/home/michael2/CEdev/bin/ez80-clang -MD -c -emit-llvm -nostdinc -isystem /home/michael2/CEdev/include -Isrc -fno-threadsafe-statics -Xclang -fforce-mangle-main-argc-argv -mllvm -profile-guided-section-prefix=false -DNDEBUG  -g0 -Wall -Wextra -Oz 'src/clipboard.c' -o 'obj/src/clipboard.c.bc'
 
mkdir -p 'obj/src'
echo [compiling] src/dialogs.c
/home/michael2/CEdev/bin/ez80-clang -MD -c -emit-llvm -nostdinc -isystem /home/michael2/CEdev/include -Isrc -fno-threadsafe-statics -Xclang -fforce-mangle-main-argc-argv -mllvm -profile-guided-section-prefix=false -DNDEBUG  -g0 -Wall -Wextra -Oz 'src/dialogs.c' -o 'obj/src/dialogs.c.bc'
 
mkdir -p 'obj/src'
echo [compiling] src/editor.c
/home/michael2/CEdev/bin/ez80-clang -MD -c -emit-llvm -nostdinc -isystem /home/michael2/CEdev/include -Isrc -fno-threadsafe-statics -Xclang -fforce-mangle-main-argc-argv -mllvm -profile-guided-section-prefix=false -DNDEBUG  -g0 -Wall -Wextra -Oz 'src/editor.c' -o 'obj/src/editor.c.bc'
 
mkdir -p 'obj/src'
echo [compiling] src/find.c
/home/michael2/CEdev/bin/ez80-clang -MD -c -emit-llvm -nostdinc -isystem /home/michael2/CEdev/include -Isrc -fno-threadsafe-statics -Xclang -fforce-mangle-main-argc-argv -mllvm -profile-guided-section-prefix=false -DNDEBUG  -g0 -Wall -Wextra -Oz 'src/find.c' -o 'obj/src/find.c.bc'
 
mkdir -p 'obj/src'
echo [compiling] src/libmalloc.c
/home/michael2/CEdev/bin/ez80-clang -MD -c -emit-llvm -nostdinc -isystem /home/michael2/CEdev/include -Isrc -fno-threadsafe-statics -Xclang -fforce-mangle-main-argc-argv -mllvm -profile-guided-section-prefix=false -DNDEBUG  -g0 -Wall -Wextra -Oz 'src/libmalloc.c' -o 'obj/src/libmalloc.c.bc'
 
mkdir -p 'obj/src'
echo [compiling] src/main.c
/home/michael2/CEdev/bin/ez80-clang -MD -c -emit-llvm -nostdinc -isystem /home/michael2/CEdev/include -Isrc -fno-threadsafe-statics -Xclang -fforce-mangle-main-argc-argv -mllvm -profile-guided-section-prefix=false -DNDEBUG  -g0 -Wall -Wextra -Oz 'src/main.c' -o 'obj/src/main.c.bc'
 
mkdir -p 'obj/src'
echo [compiling] src/primitives.c
/home/michael2/CEdev/bin/ez80-clang -MD -c -emit-llvm -nostdinc -isystem /home/michael2/CEdev/include -Isrc -fno-threadsafe-statics -Xclang -fforce-mangle-main-argc-argv -mllvm -profile-guided-section-prefix=false -DNDEBUG  -g0 -Wall -Wextra -Oz 'src/primitives.c' -o 'obj/src/primitives.c.bc'
 
mkdir -p 'obj/src'
echo [compiling] src/tigcclib.c
/home/michael2/CEdev/bin/ez80-clang -MD -c -emit-llvm -nostdinc -isystem /home/michael2/CEdev/include -Isrc -fno-threadsafe-statics -Xclang -fforce-mangle-main-argc-argv -mllvm -profile-guided-section-prefix=false -DNDEBUG  -g0 -Wall -Wextra -Oz 'src/tigcclib.c' -o 'obj/src/tigcclib.c.bc'
 
echo [lto opt] obj/lto.bc
/home/michael2/CEdev/bin/ez80-link '/home/michael2/CEdit/obj/src/clipboard.c.bc' '/home/michael2/CEdit/obj/src/dialogs.c.bc' '/home/michael2/CEdit/obj/src/editor.c.bc' '/home/michael2/CEdit/obj/src/find.c.bc' '/home/michael2/CEdit/obj/src/libmalloc.c.bc' '/home/michael2/CEdit/obj/src/main.c.bc' '/home/michael2/CEdit/obj/src/primitives.c.bc' '/home/michael2/CEdit/obj/src/tigcclib.c.bc' -o '/home/michael2/CEdit/obj/lto.bc'
 
/home/michael2/CEdev/bin/ez80-clang -S -mllvm -profile-guided-section-prefix=false -Wall -Wextra -Oz '/home/michael2/CEdit/obj/lto.bc' -o '/home/michael2/CEdit/obj/lto.src'
 
mkdir -p 'obj'
echo [convimg] description
/home/michael2/CEdev/bin/convimg --icon-output 'obj/icon.src' --icon-format asm --icon-description "CEdit editor"
 
mkdir -p 'bin'
echo [linking] bin/CEDIT.bin
/home/michael2/CEdev/bin/fasmg -n '/home/michael2/CEdev/meta/ld.alm' -i 'DEBUG := 0' -i 'HAS_PRINTF := 1' -i 'HAS_LIBC := 1' -i 'HAS_LIBCXX := 1' -i 'PREFER_OS_CRT := 0' -i 'PREFER_OS_LIBC := 1' -i 'include "/home/michael2/CEdev/meta/linker_script"' -i 'range .bss $D052C6 : $D13FD8' -i 'provide __stack = $D1A87E' -i 'locate .header at $D1A87F' -i map -i 'source "obj/icon.src", "/home/michael2/CEdev/lib/crt/crt0.src", "obj/lto.src"' -i 'library "/home/michael2/CEdev/lib/libload/fileioc.lib", "/home/michael2/CEdev/lib/libload/fontlibc.lib", "/home/michael2/CEdev/lib/libload/graphx.lib", "/home/michael2/CEdev/lib/libload/keypadc.lib"'  bin/CEDIT.bin
 
mkdir -p 'bin'
/home/michael2/CEdev/bin/convbin -r -e zx7 -k 8xp-compressed -u -n CEDIT -i 'bin/CEDIT.bin' -o 'bin/CEDIT.8xp'
make: Leaving directory '/home/michael2/CEdit'
 
